[debug] [2025-05-10T16:50:56.799Z] ----------------------------------------------------------------------
[debug] [2025-05-10T16:50:56.803Z] Command:       C:\Program Files\nodejs\node.exe C:\Users\jani_\AppData\Roaming\npm\node_modules\firebase-tools\lib\bin\firebase.js deploy --only hosting --token YOUR_FIREBASE_TOKEN --project tiksihehku
[debug] [2025-05-10T16:50:56.804Z] CLI Version:   14.3.1
[debug] [2025-05-10T16:50:56.804Z] Platform:      win32
[debug] [2025-05-10T16:50:56.804Z] Node Version:  v22.15.0
[debug] [2025-05-10T16:50:56.804Z] Time:          Sat May 10 2025 19:50:56 GMT+0300 (It채-Euroopan kes채aika)
[debug] [2025-05-10T16:50:56.805Z] ----------------------------------------------------------------------
[debug] 
[debug] [2025-05-10T16:50:57.094Z] Object "" in "firebase.json" has unknown property: {"additionalProperty":"projects"}
[debug] [2025-05-10T16:50:57.100Z] > command requires scopes: ["email","openid","https://www.googleapis.com/auth/cloudplatformprojects.readonly","https://www.googleapis.com/auth/firebase","https://www.googleapis.com/auth/cloud-platform"]
[debug] [2025-05-10T16:50:57.100Z] > authorizing via --token option
[warn] !  Authenticating with `--token` is deprecated and will be removed in a future major version of `firebase-tools`. Instead, use a service account key with `GOOGLE_APPLICATION_CREDENTIALS`: https://cloud.google.com/docs/authentication/getting-started 
[debug] [2025-05-10T16:50:57.102Z] [iam] checking project tiksihehku for permissions ["firebase.projects.get","firebasehosting.sites.update"]
[debug] [2025-05-10T16:50:57.103Z] No OAuth tokens found
[debug] [2025-05-10T16:50:57.103Z] No OAuth tokens found
[debug] [2025-05-10T16:50:57.104Z] > refreshing access token with scopes: []
[debug] [2025-05-10T16:50:57.106Z] >>> [apiv2][query] POST https://www.googleapis.com/oauth2/v3/token [none]
[debug] [2025-05-10T16:50:57.106Z] >>> [apiv2][body] POST https://www.googleapis.com/oauth2/v3/token [omitted]
[debug] [2025-05-10T16:50:57.233Z] <<< [apiv2][status] POST https://www.googleapis.com/oauth2/v3/token 400
[debug] [2025-05-10T16:50:57.233Z] <<< [apiv2][body] POST https://www.googleapis.com/oauth2/v3/token [omitted]
[debug] [2025-05-10T16:50:57.233Z] >>> [apiv2][query] POST https://cloudresourcemanager.googleapis.com/v1/projects/tiksihehku:testIamPermissions [none]
[debug] [2025-05-10T16:50:57.233Z] >>> [apiv2][(partial)header] POST https://cloudresourcemanager.googleapis.com/v1/projects/tiksihehku:testIamPermissions x-goog-quota-user=projects/tiksihehku
[debug] [2025-05-10T16:50:57.233Z] >>> [apiv2][body] POST https://cloudresourcemanager.googleapis.com/v1/projects/tiksihehku:testIamPermissions {"permissions":["firebase.projects.get","firebasehosting.sites.update"]}
[debug] [2025-05-10T16:50:57.980Z] <<< [apiv2][status] POST https://cloudresourcemanager.googleapis.com/v1/projects/tiksihehku:testIamPermissions 401
[debug] [2025-05-10T16:50:57.980Z] <<< [apiv2][body] POST https://cloudresourcemanager.googleapis.com/v1/projects/tiksihehku:testIamPermissions {"error":{"code":401,"message":"Request had invalid authentication credentials. Expected OAuth 2 access token, login cookie or other valid authentication credential. See https://developers.google.com/identity/sign-in/web/devconsole-project.","status":"UNAUTHENTICATED","details":[{"@type":"type.googleapis.com/google.rpc.ErrorInfo","reason":"ACCESS_TOKEN_TYPE_UNSUPPORTED","metadata":{"service":"cloudresourcemanager.googleapis.com","method":"google.cloudresourcemanager.v1.Projects.TestIamPermissions"}}]}}
[debug] [2025-05-10T16:50:57.980Z] Got a 401 Unauthenticated error for a call that required authentication. Refreshing tokens.
[debug] [2025-05-10T16:50:57.980Z] No OAuth tokens found
[debug] [2025-05-10T16:50:57.980Z] No OAuth tokens found
[debug] [2025-05-10T16:50:57.980Z] > refreshing access token with scopes: []
[debug] [2025-05-10T16:50:57.981Z] >>> [apiv2][query] POST https://www.googleapis.com/oauth2/v3/token [none]
[debug] [2025-05-10T16:50:57.981Z] >>> [apiv2][body] POST https://www.googleapis.com/oauth2/v3/token [omitted]
[debug] [2025-05-10T16:50:58.009Z] <<< [apiv2][status] POST https://www.googleapis.com/oauth2/v3/token 400
[debug] [2025-05-10T16:50:58.009Z] <<< [apiv2][body] POST https://www.googleapis.com/oauth2/v3/token [omitted]
[debug] [2025-05-10T16:50:58.010Z] [iam] error while checking permissions, command may fail: Request to https://cloudresourcemanager.googleapis.com/v1/projects/tiksihehku:testIamPermissions had HTTP Error: 401, Request had invalid authentication credentials. Expected OAuth 2 access token, login cookie or other valid authentication credential. See https://developers.google.com/identity/sign-in/web/devconsole-project.
[debug] [2025-05-10T16:50:58.011Z] No OAuth tokens found
[debug] [2025-05-10T16:50:58.012Z] >>> [apiv2][query] GET https://firebase.googleapis.com/v1beta1/projects/tiksihehku [none]
[debug] [2025-05-10T16:50:58.072Z] <<< [apiv2][status] GET https://firebase.googleapis.com/v1beta1/projects/tiksihehku 401
[debug] [2025-05-10T16:50:58.072Z] <<< [apiv2][body] GET https://firebase.googleapis.com/v1beta1/projects/tiksihehku {"error":{"code":401,"message":"Request had invalid authentication credentials. Expected OAuth 2 access token, login cookie or other valid authentication credential. See https://developers.google.com/identity/sign-in/web/devconsole-project.","status":"UNAUTHENTICATED"}}
[debug] [2025-05-10T16:50:58.072Z] Got a 401 Unauthenticated error for a call that required authentication. Refreshing tokens.
[debug] [2025-05-10T16:50:58.072Z] No OAuth tokens found
[debug] [2025-05-10T16:50:58.073Z] No OAuth tokens found
[debug] [2025-05-10T16:50:58.073Z] > refreshing access token with scopes: []
[debug] [2025-05-10T16:50:58.073Z] >>> [apiv2][query] POST https://www.googleapis.com/oauth2/v3/token [none]
[debug] [2025-05-10T16:50:58.073Z] >>> [apiv2][body] POST https://www.googleapis.com/oauth2/v3/token [omitted]
[debug] [2025-05-10T16:50:58.097Z] <<< [apiv2][status] POST https://www.googleapis.com/oauth2/v3/token 400
[debug] [2025-05-10T16:50:58.097Z] <<< [apiv2][body] POST https://www.googleapis.com/oauth2/v3/token [omitted]
[debug] [2025-05-10T16:50:58.098Z] Request to https://firebase.googleapis.com/v1beta1/projects/tiksihehku had HTTP Error: 401, Request had invalid authentication credentials. Expected OAuth 2 access token, login cookie or other valid authentication credential. See https://developers.google.com/identity/sign-in/web/devconsole-project.
[error] 
[error] Error: Assertion failed: resolving hosting target of a site with no site name or target name. This should have caused an error earlier
[debug] [2025-05-10T17:19:06.406Z] ----------------------------------------------------------------------
[debug] [2025-05-10T17:19:06.410Z] Command:       C:\Program Files\nodejs\node.exe C:\Users\jani_\AppData\Roaming\npm\node_modules\firebase-tools\lib\bin\firebase.js deploy --only hosting --token YOUR_FIREBASE_TOKEN --project tiksihehku
[debug] [2025-05-10T17:19:06.410Z] CLI Version:   14.3.1
[debug] [2025-05-10T17:19:06.410Z] Platform:      win32
[debug] [2025-05-10T17:19:06.411Z] Node Version:  v22.15.0
[debug] [2025-05-10T17:19:06.412Z] Time:          Sat May 10 2025 20:19:06 GMT+0300 (It채-Euroopan kes채aika)
[debug] [2025-05-10T17:19:06.412Z] ----------------------------------------------------------------------
[debug] 
[debug] [2025-05-10T17:19:06.708Z] Object "" in "firebase.json" has unknown property: {"additionalProperty":"projects"}
[debug] [2025-05-10T17:19:06.713Z] > command requires scopes: ["email","openid","https://www.googleapis.com/auth/cloudplatformprojects.readonly","https://www.googleapis.com/auth/firebase","https://www.googleapis.com/auth/cloud-platform"]
[debug] [2025-05-10T17:19:06.714Z] > authorizing via --token option
[warn] !  Authenticating with `--token` is deprecated and will be removed in a future major version of `firebase-tools`. Instead, use a service account key with `GOOGLE_APPLICATION_CREDENTIALS`: https://cloud.google.com/docs/authentication/getting-started 
[debug] [2025-05-10T17:19:06.715Z] [iam] checking project tiksihehku for permissions ["firebase.projects.get","firebasehosting.sites.update"]
[debug] [2025-05-10T17:19:06.716Z] No OAuth tokens found
[debug] [2025-05-10T17:19:06.717Z] No OAuth tokens found
[debug] [2025-05-10T17:19:06.717Z] > refreshing access token with scopes: []
[debug] [2025-05-10T17:19:06.719Z] >>> [apiv2][query] POST https://www.googleapis.com/oauth2/v3/token [none]
[debug] [2025-05-10T17:19:06.719Z] >>> [apiv2][body] POST https://www.googleapis.com/oauth2/v3/token [omitted]
[debug] [2025-05-10T17:19:06.844Z] <<< [apiv2][status] POST https://www.googleapis.com/oauth2/v3/token 400
[debug] [2025-05-10T17:19:06.845Z] <<< [apiv2][body] POST https://www.googleapis.com/oauth2/v3/token [omitted]
[debug] [2025-05-10T17:19:06.845Z] >>> [apiv2][query] POST https://cloudresourcemanager.googleapis.com/v1/projects/tiksihehku:testIamPermissions [none]
[debug] [2025-05-10T17:19:06.845Z] >>> [apiv2][(partial)header] POST https://cloudresourcemanager.googleapis.com/v1/projects/tiksihehku:testIamPermissions x-goog-quota-user=projects/tiksihehku
[debug] [2025-05-10T17:19:06.845Z] >>> [apiv2][body] POST https://cloudresourcemanager.googleapis.com/v1/projects/tiksihehku:testIamPermissions {"permissions":["firebase.projects.get","firebasehosting.sites.update"]}
[debug] [2025-05-10T17:19:07.592Z] <<< [apiv2][status] POST https://cloudresourcemanager.googleapis.com/v1/projects/tiksihehku:testIamPermissions 401
[debug] [2025-05-10T17:19:07.593Z] <<< [apiv2][body] POST https://cloudresourcemanager.googleapis.com/v1/projects/tiksihehku:testIamPermissions {"error":{"code":401,"message":"Request had invalid authentication credentials. Expected OAuth 2 access token, login cookie or other valid authentication credential. See https://developers.google.com/identity/sign-in/web/devconsole-project.","status":"UNAUTHENTICATED","details":[{"@type":"type.googleapis.com/google.rpc.ErrorInfo","reason":"ACCESS_TOKEN_TYPE_UNSUPPORTED","metadata":{"method":"google.cloudresourcemanager.v1.Projects.TestIamPermissions","service":"cloudresourcemanager.googleapis.com"}}]}}
[debug] [2025-05-10T17:19:07.593Z] Got a 401 Unauthenticated error for a call that required authentication. Refreshing tokens.
[debug] [2025-05-10T17:19:07.593Z] No OAuth tokens found
[debug] [2025-05-10T17:19:07.593Z] No OAuth tokens found
[debug] [2025-05-10T17:19:07.593Z] > refreshing access token with scopes: []
[debug] [2025-05-10T17:19:07.594Z] >>> [apiv2][query] POST https://www.googleapis.com/oauth2/v3/token [none]
[debug] [2025-05-10T17:19:07.594Z] >>> [apiv2][body] POST https://www.googleapis.com/oauth2/v3/token [omitted]
[debug] [2025-05-10T17:19:07.617Z] <<< [apiv2][status] POST https://www.googleapis.com/oauth2/v3/token 400
[debug] [2025-05-10T17:19:07.617Z] <<< [apiv2][body] POST https://www.googleapis.com/oauth2/v3/token [omitted]
[debug] [2025-05-10T17:19:07.618Z] [iam] error while checking permissions, command may fail: Request to https://cloudresourcemanager.googleapis.com/v1/projects/tiksihehku:testIamPermissions had HTTP Error: 401, Request had invalid authentication credentials. Expected OAuth 2 access token, login cookie or other valid authentication credential. See https://developers.google.com/identity/sign-in/web/devconsole-project.
[debug] [2025-05-10T17:19:07.619Z] No OAuth tokens found
[debug] [2025-05-10T17:19:07.619Z] >>> [apiv2][query] GET https://firebase.googleapis.com/v1beta1/projects/tiksihehku [none]
[debug] [2025-05-10T17:19:07.680Z] <<< [apiv2][status] GET https://firebase.googleapis.com/v1beta1/projects/tiksihehku 401
[debug] [2025-05-10T17:19:07.680Z] <<< [apiv2][body] GET https://firebase.googleapis.com/v1beta1/projects/tiksihehku {"error":{"code":401,"message":"Request had invalid authentication credentials. Expected OAuth 2 access token, login cookie or other valid authentication credential. See https://developers.google.com/identity/sign-in/web/devconsole-project.","status":"UNAUTHENTICATED"}}
[debug] [2025-05-10T17:19:07.680Z] Got a 401 Unauthenticated error for a call that required authentication. Refreshing tokens.
[debug] [2025-05-10T17:19:07.681Z] No OAuth tokens found
[debug] [2025-05-10T17:19:07.681Z] No OAuth tokens found
[debug] [2025-05-10T17:19:07.681Z] > refreshing access token with scopes: []
[debug] [2025-05-10T17:19:07.681Z] >>> [apiv2][query] POST https://www.googleapis.com/oauth2/v3/token [none]
[debug] [2025-05-10T17:19:07.681Z] >>> [apiv2][body] POST https://www.googleapis.com/oauth2/v3/token [omitted]
[debug] [2025-05-10T17:19:07.703Z] <<< [apiv2][status] POST https://www.googleapis.com/oauth2/v3/token 400
[debug] [2025-05-10T17:19:07.703Z] <<< [apiv2][body] POST https://www.googleapis.com/oauth2/v3/token [omitted]
[debug] [2025-05-10T17:19:07.703Z] Request to https://firebase.googleapis.com/v1beta1/projects/tiksihehku had HTTP Error: 401, Request had invalid authentication credentials. Expected OAuth 2 access token, login cookie or other valid authentication credential. See https://developers.google.com/identity/sign-in/web/devconsole-project.
[error] 
[error] Error: Assertion failed: resolving hosting target of a site with no site name or target name. This should have caused an error earlier
